Performing C++ SOURCE FILE Test CMAKE_HAVE_LIBC_PTHREAD failed with the following output:
Change Dir: /home/elia/Università/PACS/PACS-Project/models/TorchXor/CMakeFiles/CMakeTmp

Run Build Command(s):/usr/bin/make cmTC_61bc4/fast && /usr/bin/make  -f CMakeFiles/cmTC_61bc4.dir/build.make CMakeFiles/cmTC_61bc4.dir/build
make[1]: ingresso nella directory «/home/elia/Università/PACS/PACS-Project/models/TorchXor/CMakeFiles/CMakeTmp»
Building CXX object CMakeFiles/cmTC_61bc4.dir/src.cxx.o
/usr/bin/c++    -DCMAKE_HAVE_LIBC_PTHREAD   -o CMakeFiles/cmTC_61bc4.dir/src.cxx.o -c /home/elia/Università/PACS/PACS-Project/models/TorchXor/CMakeFiles/CMakeTmp/src.cxx
Linking CXX executable cmTC_61bc4
/usr/bin/cmake -E cmake_link_script CMakeFiles/cmTC_61bc4.dir/link.txt --verbose=1
/usr/bin/c++   -DCMAKE_HAVE_LIBC_PTHREAD    -rdynamic CMakeFiles/cmTC_61bc4.dir/src.cxx.o  -o cmTC_61bc4 
/usr/bin/ld: CMakeFiles/cmTC_61bc4.dir/src.cxx.o: in function `main':
src.cxx:(.text+0x3e): undefined reference to `pthread_create'
/usr/bin/ld: src.cxx:(.text+0x4a): undefined reference to `pthread_detach'
/usr/bin/ld: src.cxx:(.text+0x56): undefined reference to `pthread_cancel'
/usr/bin/ld: src.cxx:(.text+0x67): undefined reference to `pthread_join'
collect2: error: ld returned 1 exit status
make[1]: *** [CMakeFiles/cmTC_61bc4.dir/build.make:107: cmTC_61bc4] Errore 1
make[1]: uscita dalla directory «/home/elia/Università/PACS/PACS-Project/models/TorchXor/CMakeFiles/CMakeTmp»
make: *** [Makefile:141: cmTC_61bc4/fast] Errore 2


Source file was:
#include <pthread.h>

void* test_func(void* data)
{
  return data;
}

int main(void)
{
  pthread_t thread;
  pthread_create(&thread, NULL, test_func, NULL);
  pthread_detach(thread);
  pthread_cancel(thread);
  pthread_join(thread, NULL);
  pthread_atfork(NULL, NULL, NULL);
  pthread_exit(NULL);

  return 0;
}

Determining if the function pthread_create exists in the pthreads failed with the following output:
Change Dir: /home/elia/Università/PACS/PACS-Project/models/TorchXor/CMakeFiles/CMakeTmp

Run Build Command(s):/usr/bin/make cmTC_aadde/fast && /usr/bin/make  -f CMakeFiles/cmTC_aadde.dir/build.make CMakeFiles/cmTC_aadde.dir/build
make[1]: ingresso nella directory «/home/elia/Università/PACS/PACS-Project/models/TorchXor/CMakeFiles/CMakeTmp»
Building CXX object CMakeFiles/cmTC_aadde.dir/CheckFunctionExists.cxx.o
/usr/bin/c++    -DCHECK_FUNCTION_EXISTS=pthread_create   -o CMakeFiles/cmTC_aadde.dir/CheckFunctionExists.cxx.o -c /home/elia/Università/PACS/PACS-Project/models/TorchXor/CMakeFiles/CheckLibraryExists/CheckFunctionExists.cxx
Linking CXX executable cmTC_aadde
/usr/bin/cmake -E cmake_link_script CMakeFiles/cmTC_aadde.dir/link.txt --verbose=1
/usr/bin/c++   -DCHECK_FUNCTION_EXISTS=pthread_create    -rdynamic CMakeFiles/cmTC_aadde.dir/CheckFunctionExists.cxx.o  -o cmTC_aadde  -lpthreads 
/usr/bin/ld: impossibile trovare -lpthreads
collect2: error: ld returned 1 exit status
make[1]: *** [CMakeFiles/cmTC_aadde.dir/build.make:107: cmTC_aadde] Errore 1
make[1]: uscita dalla directory «/home/elia/Università/PACS/PACS-Project/models/TorchXor/CMakeFiles/CMakeTmp»
make: *** [Makefile:141: cmTC_aadde/fast] Errore 2



